2015-06-15 15:01:45,311 - rootLogger - INFO - All Excel Files Initialised successfully.
2015-06-15 15:01:45,314 - rootLogger - INFO - Param.properties file loaded successfully.
2015-06-15 15:01:45,314 - rootLogger - INFO - Objects.properties file loaded successfully.
2015-06-15 15:01:45,314 - rootLogger - INFO - Execution started for SuiteOneBase.
2015-06-15 15:01:45,377 - rootLogger - INFO - All Excel Files Initialised successfully.
2015-06-15 15:01:45,377 - rootLogger - INFO - Param.properties file loaded successfully.
2015-06-15 15:01:45,378 - rootLogger - INFO - Objects.properties file loaded successfully.
2015-06-15 15:01:45,378 - rootLogger - INFO - SuiteOneCaseOne : Execution started.
2015-06-15 15:02:15,387 - rootLogger - INFO - Firefox Driver Instance loaded successfully.
2015-06-15 15:02:20,213 - rootLogger - INFO - SuiteOneCaseOne : Reporting test data set line 1 as PASS In excel.
2015-06-15 15:02:23,209 - rootLogger - INFO - SuiteOneCaseOne : Reporting test data set line 2 as PASS In excel.
2015-06-15 15:02:23,258 - rootLogger - INFO - SuiteOneCaseOne : Reporting test case as PASS In excel.
2015-06-15 15:02:23,310 - rootLogger - INFO - All Excel Files Initialised successfully.
2015-06-15 15:02:23,310 - rootLogger - INFO - Param.properties file loaded successfully.
2015-06-15 15:02:23,311 - rootLogger - INFO - Objects.properties file loaded successfully.
2015-06-15 15:02:35,421 - rootLogger - INFO - Firefox Driver Instance loaded successfully.
2015-06-15 15:02:40,466 - rootLogger - INFO - All Excel Files Initialised successfully.
2015-06-15 15:02:40,466 - rootLogger - INFO - Param.properties file loaded successfully.
2015-06-15 15:02:40,466 - rootLogger - INFO - Objects.properties file loaded successfully.
2015-06-15 15:02:40,467 - rootLogger - INFO - Execution started for SuiteOneBase.
2015-06-15 15:02:40,486 - rootLogger - INFO - All Excel Files Initialised successfully.
2015-06-15 15:02:40,487 - rootLogger - INFO - Param.properties file loaded successfully.
2015-06-15 15:02:40,487 - rootLogger - INFO - Objects.properties file loaded successfully.
2015-06-15 15:02:51,566 - rootLogger - INFO - Firefox Driver Instance loaded successfully.
2015-06-15 15:02:56,454 - rootLogger - INFO - All Excel Files Initialised successfully.
2015-06-15 15:02:56,455 - rootLogger - INFO - Param.properties file loaded successfully.
2015-06-15 15:02:56,455 - rootLogger - INFO - Objects.properties file loaded successfully.
2015-06-15 15:03:06,963 - rootLogger - INFO - Firefox Driver Instance loaded successfully.
